C:\USERS\HARMOLI\DOCUMENTS\CIS565\PROJECT-1\PROJ1_WIN\565RAYTRACER\RELEASE (V5.5)\565RAYTRACER.EXE.INTERMEDIATE.MANIFEST
C:\Users\harmoli\Documents\CIS565\Project-1\PROJ1_WIN\565Raytracer\Release (v5.5)\565Raytracer.vcxprojResolveAssemblyReference.cache
C:\Users\harmoli\Documents\CIS565\Project-1\PROJ1_WIN\565Raytracer\Release (v5.5)\565Raytracer.write.1.tlog
C:\Users\harmoli\Documents\CIS565\Project-1\PROJ1_WIN\565Raytracer\Release (v5.5)\cl.command.1.tlog
C:\Users\harmoli\Documents\CIS565\Project-1\PROJ1_WIN\565Raytracer\Release (v5.5)\CL.read.1.tlog
C:\Users\harmoli\Documents\CIS565\Project-1\PROJ1_WIN\565Raytracer\Release (v5.5)\CL.write.1.tlog
C:\USERS\HARMOLI\DOCUMENTS\CIS565\PROJECT-1\PROJ1_WIN\565RAYTRACER\RELEASE (V5.5)\GLSLUTILITY.OBJ
C:\USERS\HARMOLI\DOCUMENTS\CIS565\PROJECT-1\PROJ1_WIN\565RAYTRACER\RELEASE (V5.5)\IMAGE.OBJ
C:\Users\harmoli\Documents\CIS565\Project-1\PROJ1_WIN\565Raytracer\Release (v5.5)\link.command.1.tlog
C:\Users\harmoli\Documents\CIS565\Project-1\PROJ1_WIN\565Raytracer\Release (v5.5)\link.read.1.tlog
C:\Users\harmoli\Documents\CIS565\Project-1\PROJ1_WIN\565Raytracer\Release (v5.5)\link.write.1.tlog
C:\USERS\HARMOLI\DOCUMENTS\CIS565\PROJECT-1\PROJ1_WIN\565RAYTRACER\RELEASE (V5.5)\MAIN.OBJ
C:\Users\harmoli\Documents\CIS565\Project-1\PROJ1_WIN\565Raytracer\Release (v5.5)\mt.command.1.tlog
C:\Users\harmoli\Documents\CIS565\Project-1\PROJ1_WIN\565Raytracer\Release (v5.5)\mt.read.1.tlog
C:\Users\harmoli\Documents\CIS565\Project-1\PROJ1_WIN\565Raytracer\Release (v5.5)\mt.write.1.tlog
C:\Users\harmoli\Documents\CIS565\Project-1\PROJ1_WIN\565Raytracer\Release (v5.5)\raytraceKernel.cu.cache
C:\USERS\HARMOLI\DOCUMENTS\CIS565\PROJECT-1\PROJ1_WIN\565RAYTRACER\RELEASE (V5.5)\SCENE.OBJ
C:\USERS\HARMOLI\DOCUMENTS\CIS565\PROJECT-1\PROJ1_WIN\565RAYTRACER\RELEASE (V5.5)\STB_IMAGE.OBJ
C:\USERS\HARMOLI\DOCUMENTS\CIS565\PROJECT-1\PROJ1_WIN\565RAYTRACER\RELEASE (V5.5)\STB_IMAGE_WRITE.OBJ
C:\USERS\HARMOLI\DOCUMENTS\CIS565\PROJECT-1\PROJ1_WIN\565RAYTRACER\RELEASE (V5.5)\UTILITIES.OBJ
C:\USERS\HARMOLI\DOCUMENTS\CIS565\PROJECT-1\PROJ1_WIN\565RAYTRACER\RELEASE (V5.5)\VC100.PDB
C:\USERS\HARMOLI\DOCUMENTS\CIS565\PROJECT-1\PROJ1_WIN\RELEASE (V5.5)\565RAYTRACER.EXE
C:\USERS\HARMOLI\DOCUMENTS\CIS565\PROJECT-1\PROJ1_WIN\RELEASE (V5.5)\565RAYTRACER.PDB
