C:\Users\harmoli\Documents\CIS565\Project-1\PROJ1_WIN\565Raytracer\Debug (v5.5)\565Raytracer.exe.embed.manifest
C:\USERS\HARMOLI\DOCUMENTS\CIS565\PROJECT-1\PROJ1_WIN\565RAYTRACER\DEBUG (V5.5)\565RAYTRACER.EXE.EMBED.MANIFEST.RES
C:\Users\harmoli\Documents\CIS565\Project-1\PROJ1_WIN\565Raytracer\Debug (v5.5)\565Raytracer.exe.intermediate.manifest
C:\Users\harmoli\Documents\CIS565\Project-1\PROJ1_WIN\565Raytracer\Debug (v5.5)\565Raytracer.vcxprojResolveAssemblyReference.cache
C:\Users\harmoli\Documents\CIS565\Project-1\PROJ1_WIN\565Raytracer\Debug (v5.5)\565Raytracer.write.1.tlog
C:\Users\harmoli\Documents\CIS565\Project-1\PROJ1_WIN\565Raytracer\Debug (v5.5)\565Raytracer_manifest.rc
C:\Users\harmoli\Documents\CIS565\Project-1\PROJ1_WIN\565Raytracer\Debug (v5.5)\cl.command.1.tlog
C:\Users\harmoli\Documents\CIS565\Project-1\PROJ1_WIN\565Raytracer\Debug (v5.5)\CL.read.1.tlog
C:\Users\harmoli\Documents\CIS565\Project-1\PROJ1_WIN\565Raytracer\Debug (v5.5)\CL.write.1.tlog
C:\USERS\HARMOLI\DOCUMENTS\CIS565\PROJECT-1\PROJ1_WIN\565RAYTRACER\DEBUG (V5.5)\GLSLUTILITY.OBJ
C:\USERS\HARMOLI\DOCUMENTS\CIS565\PROJECT-1\PROJ1_WIN\565RAYTRACER\DEBUG (V5.5)\IMAGE.OBJ
C:\Users\harmoli\Documents\CIS565\Project-1\PROJ1_WIN\565Raytracer\Debug (v5.5)\link.command.1.tlog
C:\Users\harmoli\Documents\CIS565\Project-1\PROJ1_WIN\565Raytracer\Debug (v5.5)\link.read.1.tlog
C:\Users\harmoli\Documents\CIS565\Project-1\PROJ1_WIN\565Raytracer\Debug (v5.5)\link.write.1.tlog
C:\Users\harmoli\Documents\CIS565\Project-1\PROJ1_WIN\565Raytracer\Debug (v5.5)\link-cvtres.read.1.tlog
C:\Users\harmoli\Documents\CIS565\Project-1\PROJ1_WIN\565Raytracer\Debug (v5.5)\link-cvtres.write.1.tlog
C:\USERS\HARMOLI\DOCUMENTS\CIS565\PROJECT-1\PROJ1_WIN\565RAYTRACER\DEBUG (V5.5)\MAIN.OBJ
C:\Users\harmoli\Documents\CIS565\Project-1\PROJ1_WIN\565Raytracer\Debug (v5.5)\raytraceKernel.cu.cache
C:\Users\harmoli\Documents\CIS565\Project-1\PROJ1_WIN\565Raytracer\Debug (v5.5)\rc.command.1.tlog
C:\Users\harmoli\Documents\CIS565\Project-1\PROJ1_WIN\565Raytracer\Debug (v5.5)\rc.read.1.tlog
C:\Users\harmoli\Documents\CIS565\Project-1\PROJ1_WIN\565Raytracer\Debug (v5.5)\rc.write.1.tlog
C:\USERS\HARMOLI\DOCUMENTS\CIS565\PROJECT-1\PROJ1_WIN\565RAYTRACER\DEBUG (V5.5)\SCENE.OBJ
C:\USERS\HARMOLI\DOCUMENTS\CIS565\PROJECT-1\PROJ1_WIN\565RAYTRACER\DEBUG (V5.5)\STB_IMAGE.OBJ
C:\USERS\HARMOLI\DOCUMENTS\CIS565\PROJECT-1\PROJ1_WIN\565RAYTRACER\DEBUG (V5.5)\STB_IMAGE_WRITE.OBJ
C:\USERS\HARMOLI\DOCUMENTS\CIS565\PROJECT-1\PROJ1_WIN\565RAYTRACER\DEBUG (V5.5)\UTILITIES.OBJ
C:\Users\harmoli\Documents\CIS565\Project-1\PROJ1_WIN\565Raytracer\Debug (v5.5)\vc100.idb
C:\USERS\HARMOLI\DOCUMENTS\CIS565\PROJECT-1\PROJ1_WIN\565RAYTRACER\DEBUG (V5.5)\VC100.PDB
C:\Users\harmoli\Documents\CIS565\Project-1\PROJ1_WIN\Debug (v5.5)\565Raytracer.pdb
